<?xml version="1.0" encoding="UTF-8"?>
<!-- Generated by org.testng.reporters.JUnitReportReporter -->
<testsuite skipped="0" hostname="DESKTOP-CTN8QTI" name="TestRunner" tests="1" failures="0" timestamp="2021-05-08T02:26:47 EDT" time="7.280" errors="0">
  <testcase name="runScenario" time="7.280" classname="TestRunner"/>
  <system-out/>
</testsuite> <!-- TestRunner -->
