<?xml version="1.0" encoding="UTF-8"?>
<!-- Generated by org.testng.reporters.JUnitReportReporter -->
<testsuite skipped="0" hostname="DESKTOP-CTN8QTI" name="TestRunner" tests="1" failures="0" timestamp="2021-05-09T13:46:07 EDT" time="5.842" errors="0">
  <testcase name="runScenario" time="5.842" classname="TestRunner"/>
  <system-out/>
</testsuite> <!-- TestRunner -->
